[29-Jan-2018 10:38:22 UTC] PHP Warning:  move_uploaded_file(uploads/AAphvFB.jpg): failed to open stream: No such file or directory in /home/ubuntu/workspace/PHP-Webdevelopment/file_upload/file_upload_demo.php on line 37
[29-Jan-2018 10:38:22 UTC] PHP Stack trace:
[29-Jan-2018 10:38:22 UTC] PHP   1. {main}() /home/ubuntu/workspace/PHP-Webdevelopment/file_upload/file_upload_demo.php:0
[29-Jan-2018 10:38:22 UTC] PHP   2. upload_file() /home/ubuntu/workspace/PHP-Webdevelopment/file_upload/file_upload_demo.php:46
[29-Jan-2018 10:38:22 UTC] PHP   3. move_uploaded_file() /home/ubuntu/workspace/PHP-Webdevelopment/file_upload/file_upload_demo.php:37
[29-Jan-2018 10:38:22 UTC] PHP Warning:  move_uploaded_file(): Unable to move '/tmp/phpfAcWej' to 'uploads/AAphvFB.jpg' in /home/ubuntu/workspace/PHP-Webdevelopment/file_upload/file_upload_demo.php on line 37
[29-Jan-2018 10:38:22 UTC] PHP Stack trace:
[29-Jan-2018 10:38:22 UTC] PHP   1. {main}() /home/ubuntu/workspace/PHP-Webdevelopment/file_upload/file_upload_demo.php:0
[29-Jan-2018 10:38:22 UTC] PHP   2. upload_file() /home/ubuntu/workspace/PHP-Webdevelopment/file_upload/file_upload_demo.php:46
[29-Jan-2018 10:38:22 UTC] PHP   3. move_uploaded_file() /home/ubuntu/workspace/PHP-Webdevelopment/file_upload/file_upload_demo.php:37
[29-Jan-2018 10:38:58 UTC] PHP Warning:  move_uploaded_file(uploads/AAplsSD.jpg): failed to open stream: No such file or directory in /home/ubuntu/workspace/PHP-Webdevelopment/file_upload/file_upload_demo.php on line 37
[29-Jan-2018 10:38:58 UTC] PHP Stack trace:
[29-Jan-2018 10:38:58 UTC] PHP   1. {main}() /home/ubuntu/workspace/PHP-Webdevelopment/file_upload/file_upload_demo.php:0
[29-Jan-2018 10:38:58 UTC] PHP   2. upload_file() /home/ubuntu/workspace/PHP-Webdevelopment/file_upload/file_upload_demo.php:46
[29-Jan-2018 10:38:58 UTC] PHP   3. move_uploaded_file() /home/ubuntu/workspace/PHP-Webdevelopment/file_upload/file_upload_demo.php:37
[29-Jan-2018 10:38:58 UTC] PHP Warning:  move_uploaded_file(): Unable to move '/tmp/phpsvSCEX' to 'uploads/AAplsSD.jpg' in /home/ubuntu/workspace/PHP-Webdevelopment/file_upload/file_upload_demo.php on line 37
[29-Jan-2018 10:38:58 UTC] PHP Stack trace:
[29-Jan-2018 10:38:58 UTC] PHP   1. {main}() /home/ubuntu/workspace/PHP-Webdevelopment/file_upload/file_upload_demo.php:0
[29-Jan-2018 10:38:58 UTC] PHP   2. upload_file() /home/ubuntu/workspace/PHP-Webdevelopment/file_upload/file_upload_demo.php:46
[29-Jan-2018 10:38:58 UTC] PHP   3. move_uploaded_file() /home/ubuntu/workspace/PHP-Webdevelopment/file_upload/file_upload_demo.php:37
[29-Jan-2018 12:29:04 UTC] PHP Warning:  Unterminated comment starting line 16 in /home/ubuntu/workspace/PHP-Webdevelopment/database_demo/create_tables_dynamically.php on line 16
[29-Jan-2018 12:56:55 UTC] PHP Fatal error:  Call to a member function bind_param() on a non-object in /home/ubuntu/workspace/PHP-Webdevelopment/database_demo/prepared_statements.php on line 30
[29-Jan-2018 12:56:55 UTC] PHP Stack trace:
[29-Jan-2018 12:56:55 UTC] PHP   1. {main}() /home/ubuntu/workspace/PHP-Webdevelopment/database_demo/prepared_statements.php:0
[29-Jan-2018 12:59:19 UTC] PHP Fatal error:  Call to a member function bind_param() on a non-object in /home/ubuntu/workspace/PHP-Webdevelopment/database_demo/prepared_statements.php on line 30
[29-Jan-2018 12:59:19 UTC] PHP Stack trace:
[29-Jan-2018 12:59:19 UTC] PHP   1. {main}() /home/ubuntu/workspace/PHP-Webdevelopment/database_demo/prepared_statements.php:0
[29-Jan-2018 12:59:38 UTC] PHP Parse error:  syntax error, unexpected end of file in Command line code on line 1
[29-Jan-2018 13:01:02 UTC] PHP Fatal error:  Call to a member function bind_param() on a non-object in /home/ubuntu/workspace/PHP-Webdevelopment/database_demo/prepared_statements.php on line 30
[29-Jan-2018 13:01:02 UTC] PHP Stack trace:
[29-Jan-2018 13:01:02 UTC] PHP   1. {main}() /home/ubuntu/workspace/PHP-Webdevelopment/database_demo/prepared_statements.php:0
[29-Jan-2018 13:01:17 UTC] PHP Fatal error:  Call to a member function bind_param() on a non-object in /home/ubuntu/workspace/PHP-Webdevelopment/database_demo/prepared_statements.php on line 30
[29-Jan-2018 13:01:17 UTC] PHP Stack trace:
[29-Jan-2018 13:01:17 UTC] PHP   1. {main}() /home/ubuntu/workspace/PHP-Webdevelopment/database_demo/prepared_statements.php:0
[29-Jan-2018 13:02:18 UTC] PHP Fatal error:  Call to a member function bind_param() on a non-object in /home/ubuntu/workspace/PHP-Webdevelopment/database_demo/prepared_statements.php on line 30
[29-Jan-2018 13:02:18 UTC] PHP Stack trace:
[29-Jan-2018 13:02:18 UTC] PHP   1. {main}() /home/ubuntu/workspace/PHP-Webdevelopment/database_demo/prepared_statements.php:0
[29-Jan-2018 13:02:47 UTC] PHP Fatal error:  Call to a member function bind_param() on a non-object in /home/ubuntu/workspace/PHP-Webdevelopment/database_demo/prepared_statements.php on line 30
[29-Jan-2018 13:02:47 UTC] PHP Stack trace:
[29-Jan-2018 13:02:47 UTC] PHP   1. {main}() /home/ubuntu/workspace/PHP-Webdevelopment/database_demo/prepared_statements.php:0
[29-Jan-2018 13:07:23 UTC] PHP Fatal error:  Uncaught exception 'PDOException' with message 'SQLSTATE[21S01]: Insert value list does not match column list: 1136 Column count doesn't match value count at row 1' in /home/ubuntu/workspace/PHP-Webdevelopment/database_demo/prepared_statements.php:56
Stack trace:
#0 /home/ubuntu/workspace/PHP-Webdevelopment/database_demo/prepared_statements.php(56): PDOStatement->execute(Array)
#1 {main}
  thrown in /home/ubuntu/workspace/PHP-Webdevelopment/database_demo/prepared_statements.php on line 56
[29-Jan-2018 13:07:57 UTC] PHP Fatal error:  Uncaught exception 'PDOException' with message 'SQLSTATE[21S01]: Insert value list does not match column list: 1136 Column count doesn't match value count at row 1' in /home/ubuntu/workspace/PHP-Webdevelopment/database_demo/prepared_statements.php:56
Stack trace:
#0 /home/ubuntu/workspace/PHP-Webdevelopment/database_demo/prepared_statements.php(56): PDOStatement->execute(Array)
#1 {main}
  thrown in /home/ubuntu/workspace/PHP-Webdevelopment/database_demo/prepared_statements.php on line 56
[29-Jan-2018 13:09:24 UTC] PHP Fatal error:  Uncaught exception 'PDOException' with message 'SQLSTATE[21S01]: Insert value list does not match column list: 1136 Column count doesn't match value count at row 1' in /home/ubuntu/workspace/PHP-Webdevelopment/database_demo/prepared_statements.php:56
Stack trace:
#0 /home/ubuntu/workspace/PHP-Webdevelopment/database_demo/prepared_statements.php(56): PDOStatement->execute(Array)
#1 {main}
  thrown in /home/ubuntu/workspace/PHP-Webdevelopment/database_demo/prepared_statements.php on line 56
[29-Jan-2018 13:12:53 UTC] PHP Fatal error:  Uncaught exception 'PDOException' with message 'SQLSTATE[21S01]: Insert value list does not match column list: 1136 Column count doesn't match value count at row 1' in /home/ubuntu/workspace/PHP-Webdevelopment/database_demo/prepared_statements.php:56
Stack trace:
#0 /home/ubuntu/workspace/PHP-Webdevelopment/database_demo/prepared_statements.php(56): PDOStatement->execute(Array)
#1 {main}
  thrown in /home/ubuntu/workspace/PHP-Webdevelopment/database_demo/prepared_statements.php on line 56
[29-Jan-2018 13:18:29 UTC] PHP Fatal error:  Uncaught exception 'PDOException' with message 'SQLSTATE[42000]: Syntax error or access violation: 1064 You have an error in your SQL syntax; check the manual that corresponds to your MySQL server version for the right syntax to use near '(post_title = 'Test title', post_content = 'Test content', post_name = 'test') W' at line 1' in /home/ubuntu/workspace/PHP-Webdevelopment/database_demo/prepared_statements.php:69
Stack trace:
#0 /home/ubuntu/workspace/PHP-Webdevelopment/database_demo/prepared_statements.php(69): PDOStatement->execute(Array)
#1 {main}
  thrown in /home/ubuntu/workspace/PHP-Webdevelopment/database_demo/prepared_statements.php on line 69
[29-Jan-2018 13:24:39 UTC] PHP Fatal error:  Call to undefined function NOW() in /home/ubuntu/workspace/PHP-Webdevelopment/database_demo/prepared_statements.php on line 32
[29-Jan-2018 13:24:39 UTC] PHP Stack trace:
[29-Jan-2018 13:24:39 UTC] PHP   1. {main}() /home/ubuntu/workspace/PHP-Webdevelopment/database_demo/prepared_statements.php:0
[29-Jan-2018 13:25:08 UTC] PHP Parse error:  syntax error, unexpected ')' in /home/ubuntu/workspace/PHP-Webdevelopment/database_demo/prepared_statements.php on line 34
[29-Jan-2018 13:25:27 UTC] PHP Parse error:  syntax error, unexpected ')' in /home/ubuntu/workspace/PHP-Webdevelopment/database_demo/prepared_statements.php on line 34
[29-Jan-2018 13:26:02 UTC] PHP Fatal error:  Call to a member function bind_param() on a non-object in /home/ubuntu/workspace/PHP-Webdevelopment/database_demo/prepared_statements.php on line 34
[29-Jan-2018 13:26:02 UTC] PHP Stack trace:
[29-Jan-2018 13:26:02 UTC] PHP   1. {main}() /home/ubuntu/workspace/PHP-Webdevelopment/database_demo/prepared_statements.php:0
[29-Jan-2018 13:27:21 UTC] PHP Fatal error:  Call to a member function bind_param() on a non-object in /home/ubuntu/workspace/PHP-Webdevelopment/database_demo/prepared_statements.php on line 35
[29-Jan-2018 13:27:21 UTC] PHP Stack trace:
[29-Jan-2018 13:27:21 UTC] PHP   1. {main}() /home/ubuntu/workspace/PHP-Webdevelopment/database_demo/prepared_statements.php:0
[29-Jan-2018 13:27:50 UTC] PHP Fatal error:  Call to a member function bind_param() on a non-object in /home/ubuntu/workspace/PHP-Webdevelopment/database_demo/prepared_statements.php on line 35
[29-Jan-2018 13:27:50 UTC] PHP Stack trace:
[29-Jan-2018 13:27:50 UTC] PHP   1. {main}() /home/ubuntu/workspace/PHP-Webdevelopment/database_demo/prepared_statements.php:0
[29-Jan-2018 13:28:20 UTC] PHP Fatal error:  Call to a member function bind_param() on a non-object in /home/ubuntu/workspace/PHP-Webdevelopment/database_demo/prepared_statements.php on line 35
[29-Jan-2018 13:28:20 UTC] PHP Stack trace:
[29-Jan-2018 13:28:20 UTC] PHP   1. {main}() /home/ubuntu/workspace/PHP-Webdevelopment/database_demo/prepared_statements.php:0
[29-Jan-2018 13:30:04 UTC] PHP Fatal error:  Call to a member function bind_param() on a non-object in /home/ubuntu/workspace/PHP-Webdevelopment/database_demo/prepared_statements.php on line 35
[29-Jan-2018 13:30:04 UTC] PHP Stack trace:
[29-Jan-2018 13:30:04 UTC] PHP   1. {main}() /home/ubuntu/workspace/PHP-Webdevelopment/database_demo/prepared_statements.php:0
[29-Jan-2018 13:42:49 UTC] PHP Fatal error:  Call to a member function bind_param() on a non-object in /home/ubuntu/workspace/PHP-Webdevelopment/database_demo/prepared_statements.php on line 40
[29-Jan-2018 13:42:49 UTC] PHP Stack trace:
[29-Jan-2018 13:42:49 UTC] PHP   1. {main}() /home/ubuntu/workspace/PHP-Webdevelopment/database_demo/prepared_statements.php:0
[29-Jan-2018 13:45:24 UTC] PHP Fatal error:  Cannot pass parameter 2 by reference in /home/ubuntu/workspace/PHP-Webdevelopment/database_demo/prepared_statements.php on line 40
[29-Jan-2018 13:45:24 UTC] PHP Stack trace:
[29-Jan-2018 13:45:24 UTC] PHP   1. {main}() /home/ubuntu/workspace/PHP-Webdevelopment/database_demo/prepared_statements.php:0
[29-Jan-2018 13:46:32 UTC] PHP Fatal error:  Cannot pass parameter 2 by reference in /home/ubuntu/workspace/PHP-Webdevelopment/database_demo/prepared_statements.php on line 40
[29-Jan-2018 13:46:32 UTC] PHP Stack trace:
[29-Jan-2018 13:46:32 UTC] PHP   1. {main}() /home/ubuntu/workspace/PHP-Webdevelopment/database_demo/prepared_statements.php:0
[29-Jan-2018 13:47:00 UTC] PHP Fatal error:  Cannot pass parameter 2 by reference in /home/ubuntu/workspace/PHP-Webdevelopment/database_demo/prepared_statements.php on line 40
[29-Jan-2018 13:47:00 UTC] PHP Stack trace:
[29-Jan-2018 13:47:00 UTC] PHP   1. {main}() /home/ubuntu/workspace/PHP-Webdevelopment/database_demo/prepared_statements.php:0
[29-Jan-2018 14:26:14 UTC] PHP Fatal error:  Call to a member function bind_param() on a non-object in /home/ubuntu/workspace/PHP-Webdevelopment/database_demo/form_to_db.php on line 28
[29-Jan-2018 14:26:14 UTC] PHP Stack trace:
[29-Jan-2018 14:26:14 UTC] PHP   1. {main}() /home/ubuntu/workspace/PHP-Webdevelopment/database_demo/form_to_db.php:0
[29-Jan-2018 14:41:00 UTC] PHP Fatal error:  Call to a member function fetch_object() on a non-object in /home/ubuntu/workspace/PHP-Webdevelopment/database_demo/form_to_db.php on line 38
[29-Jan-2018 14:41:00 UTC] PHP Stack trace:
[29-Jan-2018 14:41:00 UTC] PHP   1. {main}() /home/ubuntu/workspace/PHP-Webdevelopment/database_demo/form_to_db.php:0
[29-Jan-2018 14:41:19 UTC] PHP Fatal error:  Call to a member function fetch_object() on a non-object in /home/ubuntu/workspace/PHP-Webdevelopment/database_demo/form_to_db.php on line 38
[29-Jan-2018 14:41:19 UTC] PHP Stack trace:
[29-Jan-2018 14:41:19 UTC] PHP   1. {main}() /home/ubuntu/workspace/PHP-Webdevelopment/database_demo/form_to_db.php:0
[29-Jan-2018 14:45:12 UTC] PHP Fatal error:  Call to a member function fetch_object() on a non-object in /home/ubuntu/workspace/PHP-Webdevelopment/database_demo/form_to_db.php on line 39
[29-Jan-2018 14:45:12 UTC] PHP Stack trace:
[29-Jan-2018 14:45:12 UTC] PHP   1. {main}() /home/ubuntu/workspace/PHP-Webdevelopment/database_demo/form_to_db.php:0
[29-Jan-2018 14:46:59 UTC] PHP Fatal error:  Call to a member function fetch_object() on a non-object in /home/ubuntu/workspace/PHP-Webdevelopment/database_demo/form_to_db.php on line 39
[29-Jan-2018 14:46:59 UTC] PHP Stack trace:
[29-Jan-2018 14:46:59 UTC] PHP   1. {main}() /home/ubuntu/workspace/PHP-Webdevelopment/database_demo/form_to_db.php:0
[29-Jan-2018 14:47:41 UTC] PHP Fatal error:  Call to a member function fetch_object() on a non-object in /home/ubuntu/workspace/PHP-Webdevelopment/database_demo/form_to_db.php on line 39
[29-Jan-2018 14:47:41 UTC] PHP Stack trace:
[29-Jan-2018 14:47:41 UTC] PHP   1. {main}() /home/ubuntu/workspace/PHP-Webdevelopment/database_demo/form_to_db.php:0
[29-Jan-2018 14:48:56 UTC] PHP Fatal error:  Call to a member function fetch_object() on a non-object in /home/ubuntu/workspace/PHP-Webdevelopment/database_demo/form_to_db.php on line 40
[29-Jan-2018 14:48:56 UTC] PHP Stack trace:
[29-Jan-2018 14:48:56 UTC] PHP   1. {main}() /home/ubuntu/workspace/PHP-Webdevelopment/database_demo/form_to_db.php:0
[29-Jan-2018 14:51:22 UTC] PHP Fatal error:  Call to a member function fetch_object() on a non-object in /home/ubuntu/workspace/PHP-Webdevelopment/database_demo/form_to_db.php on line 41
[29-Jan-2018 14:51:22 UTC] PHP Stack trace:
[29-Jan-2018 14:51:22 UTC] PHP   1. {main}() /home/ubuntu/workspace/PHP-Webdevelopment/database_demo/form_to_db.php:0
[29-Jan-2018 14:53:27 UTC] PHP Fatal error:  Call to a member function fetch_object() on a non-object in /home/ubuntu/workspace/PHP-Webdevelopment/database_demo/form_to_db.php on line 41
[29-Jan-2018 14:53:27 UTC] PHP Stack trace:
[29-Jan-2018 14:53:27 UTC] PHP   1. {main}() /home/ubuntu/workspace/PHP-Webdevelopment/database_demo/form_to_db.php:0
[29-Jan-2018 15:01:51 UTC] PHP Catchable fatal error:  Object of class mysqli_result could not be converted to string in /home/ubuntu/workspace/PHP-Webdevelopment/database_demo/form_to_db.php on line 44
[29-Jan-2018 15:01:51 UTC] PHP Stack trace:
[29-Jan-2018 15:01:51 UTC] PHP   1. {main}() /home/ubuntu/workspace/PHP-Webdevelopment/database_demo/form_to_db.php:0
[29-Jan-2018 15:01:51 UTC] PHP   2. printf() /home/ubuntu/workspace/PHP-Webdevelopment/database_demo/form_to_db.php:44
[29-Jan-2018 15:02:43 UTC] PHP Catchable fatal error:  Object of class stdClass could not be converted to string in /home/ubuntu/workspace/PHP-Webdevelopment/database_demo/form_to_db.php on line 46
[29-Jan-2018 15:02:43 UTC] PHP Stack trace:
[29-Jan-2018 15:02:43 UTC] PHP   1. {main}() /home/ubuntu/workspace/PHP-Webdevelopment/database_demo/form_to_db.php:0
[29-Jan-2018 15:02:43 UTC] PHP   2. printf() /home/ubuntu/workspace/PHP-Webdevelopment/database_demo/form_to_db.php:46
[29-Jan-2018 15:03:28 UTC] PHP Catchable fatal error:  Object of class stdClass could not be converted to string in /home/ubuntu/workspace/PHP-Webdevelopment/database_demo/form_to_db.php on line 46
[29-Jan-2018 15:03:28 UTC] PHP Stack trace:
[29-Jan-2018 15:03:28 UTC] PHP   1. {main}() /home/ubuntu/workspace/PHP-Webdevelopment/database_demo/form_to_db.php:0
[30-Jan-2018 07:09:27 UTC] PHP Fatal error:  Call to a member function bind_param() on a non-object in /home/ubuntu/workspace/PHP-Webdevelopment/form_and_db/functions.php on line 92
[30-Jan-2018 07:09:27 UTC] PHP Stack trace:
[30-Jan-2018 07:09:27 UTC] PHP   1. {main}() /home/ubuntu/workspace/PHP-Webdevelopment/form_and_db/index.php:0
[30-Jan-2018 07:09:27 UTC] PHP   2. process() /home/ubuntu/workspace/PHP-Webdevelopment/form_and_db/index.php:10
