[30-Jan-2018 12:39:36 UTC] PHP Fatal error:  Call to undefined function cleanup() in /home/ubuntu/workspace/PHP-Webdevelopment/JSON_AJAX_MYSQL_PHP/lesson-2/add.php on line 4
[30-Jan-2018 12:39:36 UTC] PHP Stack trace:
[30-Jan-2018 12:39:36 UTC] PHP   1. {main}() /home/ubuntu/workspace/PHP-Webdevelopment/JSON_AJAX_MYSQL_PHP/lesson-2/add.php:0
[30-Jan-2018 12:39:40 UTC] PHP Fatal error:  Call to undefined function cleanup() in /home/ubuntu/workspace/PHP-Webdevelopment/JSON_AJAX_MYSQL_PHP/lesson-2/add.php on line 4
[30-Jan-2018 12:39:40 UTC] PHP Stack trace:
[30-Jan-2018 12:39:40 UTC] PHP   1. {main}() /home/ubuntu/workspace/PHP-Webdevelopment/JSON_AJAX_MYSQL_PHP/lesson-2/add.php:0
[30-Jan-2018 12:39:43 UTC] PHP Fatal error:  Call to undefined function cleanup() in /home/ubuntu/workspace/PHP-Webdevelopment/JSON_AJAX_MYSQL_PHP/lesson-2/add.php on line 4
[30-Jan-2018 12:39:43 UTC] PHP Stack trace:
[30-Jan-2018 12:39:43 UTC] PHP   1. {main}() /home/ubuntu/workspace/PHP-Webdevelopment/JSON_AJAX_MYSQL_PHP/lesson-2/add.php:0
[30-Jan-2018 12:40:18 UTC] PHP Fatal error:  Call to undefined function cleanup() in /home/ubuntu/workspace/PHP-Webdevelopment/JSON_AJAX_MYSQL_PHP/lesson-2/add.php on line 4
[30-Jan-2018 12:40:18 UTC] PHP Stack trace:
[30-Jan-2018 12:40:18 UTC] PHP   1. {main}() /home/ubuntu/workspace/PHP-Webdevelopment/JSON_AJAX_MYSQL_PHP/lesson-2/add.php:0
[30-Jan-2018 12:53:59 UTC] PHP Fatal error:  Call to undefined function cleanup() in /home/ubuntu/workspace/PHP-Webdevelopment/JSON_AJAX_MYSQL_PHP/lesson-2/add.php on line 4
[30-Jan-2018 12:53:59 UTC] PHP Stack trace:
[30-Jan-2018 12:53:59 UTC] PHP   1. {main}() /home/ubuntu/workspace/PHP-Webdevelopment/JSON_AJAX_MYSQL_PHP/lesson-2/add.php:0
[30-Jan-2018 13:18:08 UTC] PHP Fatal error:  Call to undefined function cleanup() in /home/ubuntu/workspace/PHP-Webdevelopment/JSON_AJAX_MYSQL_PHP/lesson-2/add.php on line 4
[30-Jan-2018 13:18:08 UTC] PHP Stack trace:
[30-Jan-2018 13:18:08 UTC] PHP   1. {main}() /home/ubuntu/workspace/PHP-Webdevelopment/JSON_AJAX_MYSQL_PHP/lesson-2/add.php:0
[30-Jan-2018 13:18:11 UTC] PHP Fatal error:  Call to undefined function cleanup() in /home/ubuntu/workspace/PHP-Webdevelopment/JSON_AJAX_MYSQL_PHP/lesson-2/add.php on line 4
[30-Jan-2018 13:18:11 UTC] PHP Stack trace:
[30-Jan-2018 13:18:11 UTC] PHP   1. {main}() /home/ubuntu/workspace/PHP-Webdevelopment/JSON_AJAX_MYSQL_PHP/lesson-2/add.php:0
[30-Jan-2018 14:34:28 UTC] PHP Warning:  mysql_real_escape_string(): Access denied for user ''@'localhost' (using password: NO) in /home/ubuntu/workspace/PHP-Webdevelopment/JSON_AJAX_MYSQL_PHP/lesson-2/conn.php on line 7
[30-Jan-2018 14:34:28 UTC] PHP Stack trace:
[30-Jan-2018 14:34:28 UTC] PHP   1. {main}() /home/ubuntu/workspace/PHP-Webdevelopment/JSON_AJAX_MYSQL_PHP/lesson-2/add.php:0
[30-Jan-2018 14:34:28 UTC] PHP   2. cleanup() /home/ubuntu/workspace/PHP-Webdevelopment/JSON_AJAX_MYSQL_PHP/lesson-2/add.php:4
[30-Jan-2018 14:34:28 UTC] PHP   3. mysql_real_escape_string() /home/ubuntu/workspace/PHP-Webdevelopment/JSON_AJAX_MYSQL_PHP/lesson-2/conn.php:7
[30-Jan-2018 14:34:28 UTC] PHP Warning:  mysql_real_escape_string(): A link to the server could not be established in /home/ubuntu/workspace/PHP-Webdevelopment/JSON_AJAX_MYSQL_PHP/lesson-2/conn.php on line 7
[30-Jan-2018 14:34:28 UTC] PHP Stack trace:
[30-Jan-2018 14:34:28 UTC] PHP   1. {main}() /home/ubuntu/workspace/PHP-Webdevelopment/JSON_AJAX_MYSQL_PHP/lesson-2/add.php:0
[30-Jan-2018 14:34:28 UTC] PHP   2. cleanup() /home/ubuntu/workspace/PHP-Webdevelopment/JSON_AJAX_MYSQL_PHP/lesson-2/add.php:4
[30-Jan-2018 14:34:28 UTC] PHP   3. mysql_real_escape_string() /home/ubuntu/workspace/PHP-Webdevelopment/JSON_AJAX_MYSQL_PHP/lesson-2/conn.php:7
[30-Jan-2018 14:34:28 UTC] PHP Warning:  mysql_real_escape_string(): Access denied for user ''@'localhost' (using password: NO) in /home/ubuntu/workspace/PHP-Webdevelopment/JSON_AJAX_MYSQL_PHP/lesson-2/conn.php on line 7
[30-Jan-2018 14:34:28 UTC] PHP Stack trace:
[30-Jan-2018 14:34:28 UTC] PHP   1. {main}() /home/ubuntu/workspace/PHP-Webdevelopment/JSON_AJAX_MYSQL_PHP/lesson-2/add.php:0
[30-Jan-2018 14:34:28 UTC] PHP   2. cleanup() /home/ubuntu/workspace/PHP-Webdevelopment/JSON_AJAX_MYSQL_PHP/lesson-2/add.php:5
[30-Jan-2018 14:34:28 UTC] PHP   3. mysql_real_escape_string() /home/ubuntu/workspace/PHP-Webdevelopment/JSON_AJAX_MYSQL_PHP/lesson-2/conn.php:7
[30-Jan-2018 14:34:28 UTC] PHP Warning:  mysql_real_escape_string(): A link to the server could not be established in /home/ubuntu/workspace/PHP-Webdevelopment/JSON_AJAX_MYSQL_PHP/lesson-2/conn.php on line 7
[30-Jan-2018 14:34:28 UTC] PHP Stack trace:
[30-Jan-2018 14:34:28 UTC] PHP   1. {main}() /home/ubuntu/workspace/PHP-Webdevelopment/JSON_AJAX_MYSQL_PHP/lesson-2/add.php:0
[30-Jan-2018 14:34:28 UTC] PHP   2. cleanup() /home/ubuntu/workspace/PHP-Webdevelopment/JSON_AJAX_MYSQL_PHP/lesson-2/add.php:5
[30-Jan-2018 14:34:28 UTC] PHP   3. mysql_real_escape_string() /home/ubuntu/workspace/PHP-Webdevelopment/JSON_AJAX_MYSQL_PHP/lesson-2/conn.php:7
[30-Jan-2018 14:34:28 UTC] PHP Warning:  mysql_real_escape_string(): Access denied for user ''@'localhost' (using password: NO) in /home/ubuntu/workspace/PHP-Webdevelopment/JSON_AJAX_MYSQL_PHP/lesson-2/conn.php on line 7
[30-Jan-2018 14:34:28 UTC] PHP Stack trace:
[30-Jan-2018 14:34:28 UTC] PHP   1. {main}() /home/ubuntu/workspace/PHP-Webdevelopment/JSON_AJAX_MYSQL_PHP/lesson-2/add.php:0
[30-Jan-2018 14:34:28 UTC] PHP   2. cleanup() /home/ubuntu/workspace/PHP-Webdevelopment/JSON_AJAX_MYSQL_PHP/lesson-2/add.php:6
[30-Jan-2018 14:34:28 UTC] PHP   3. mysql_real_escape_string() /home/ubuntu/workspace/PHP-Webdevelopment/JSON_AJAX_MYSQL_PHP/lesson-2/conn.php:7
[30-Jan-2018 14:34:28 UTC] PHP Warning:  mysql_real_escape_string(): A link to the server could not be established in /home/ubuntu/workspace/PHP-Webdevelopment/JSON_AJAX_MYSQL_PHP/lesson-2/conn.php on line 7
[30-Jan-2018 14:34:28 UTC] PHP Stack trace:
[30-Jan-2018 14:34:28 UTC] PHP   1. {main}() /home/ubuntu/workspace/PHP-Webdevelopment/JSON_AJAX_MYSQL_PHP/lesson-2/add.php:0
[30-Jan-2018 14:34:28 UTC] PHP   2. cleanup() /home/ubuntu/workspace/PHP-Webdevelopment/JSON_AJAX_MYSQL_PHP/lesson-2/add.php:6
[30-Jan-2018 14:34:28 UTC] PHP   3. mysql_real_escape_string() /home/ubuntu/workspace/PHP-Webdevelopment/JSON_AJAX_MYSQL_PHP/lesson-2/conn.php:7
[30-Jan-2018 14:39:42 UTC] PHP Warning:  mysql_real_escape_string(): Access denied for user ''@'localhost' (using password: NO) in /home/ubuntu/workspace/PHP-Webdevelopment/JSON_AJAX_MYSQL_PHP/lesson-2/conn.php on line 7
[30-Jan-2018 14:39:42 UTC] PHP Stack trace:
[30-Jan-2018 14:39:42 UTC] PHP   1. {main}() /home/ubuntu/workspace/PHP-Webdevelopment/JSON_AJAX_MYSQL_PHP/lesson-2/add.php:0
[30-Jan-2018 14:39:42 UTC] PHP   2. cleanup() /home/ubuntu/workspace/PHP-Webdevelopment/JSON_AJAX_MYSQL_PHP/lesson-2/add.php:4
[30-Jan-2018 14:39:42 UTC] PHP   3. mysql_real_escape_string() /home/ubuntu/workspace/PHP-Webdevelopment/JSON_AJAX_MYSQL_PHP/lesson-2/conn.php:7
[30-Jan-2018 14:39:42 UTC] PHP Warning:  mysql_real_escape_string(): A link to the server could not be established in /home/ubuntu/workspace/PHP-Webdevelopment/JSON_AJAX_MYSQL_PHP/lesson-2/conn.php on line 7
[30-Jan-2018 14:39:42 UTC] PHP Stack trace:
[30-Jan-2018 14:39:42 UTC] PHP   1. {main}() /home/ubuntu/workspace/PHP-Webdevelopment/JSON_AJAX_MYSQL_PHP/lesson-2/add.php:0
[30-Jan-2018 14:39:42 UTC] PHP   2. cleanup() /home/ubuntu/workspace/PHP-Webdevelopment/JSON_AJAX_MYSQL_PHP/lesson-2/add.php:4
[30-Jan-2018 14:39:42 UTC] PHP   3. mysql_real_escape_string() /home/ubuntu/workspace/PHP-Webdevelopment/JSON_AJAX_MYSQL_PHP/lesson-2/conn.php:7
[30-Jan-2018 14:39:42 UTC] PHP Warning:  mysql_real_escape_string(): Access denied for user ''@'localhost' (using password: NO) in /home/ubuntu/workspace/PHP-Webdevelopment/JSON_AJAX_MYSQL_PHP/lesson-2/conn.php on line 7
[30-Jan-2018 14:39:42 UTC] PHP Stack trace:
[30-Jan-2018 14:39:42 UTC] PHP   1. {main}() /home/ubuntu/workspace/PHP-Webdevelopment/JSON_AJAX_MYSQL_PHP/lesson-2/add.php:0
[30-Jan-2018 14:39:42 UTC] PHP   2. cleanup() /home/ubuntu/workspace/PHP-Webdevelopment/JSON_AJAX_MYSQL_PHP/lesson-2/add.php:5
[30-Jan-2018 14:39:42 UTC] PHP   3. mysql_real_escape_string() /home/ubuntu/workspace/PHP-Webdevelopment/JSON_AJAX_MYSQL_PHP/lesson-2/conn.php:7
[30-Jan-2018 14:39:42 UTC] PHP Warning:  mysql_real_escape_string(): A link to the server could not be established in /home/ubuntu/workspace/PHP-Webdevelopment/JSON_AJAX_MYSQL_PHP/lesson-2/conn.php on line 7
[30-Jan-2018 14:39:42 UTC] PHP Stack trace:
[30-Jan-2018 14:39:42 UTC] PHP   1. {main}() /home/ubuntu/workspace/PHP-Webdevelopment/JSON_AJAX_MYSQL_PHP/lesson-2/add.php:0
[30-Jan-2018 14:39:42 UTC] PHP   2. cleanup() /home/ubuntu/workspace/PHP-Webdevelopment/JSON_AJAX_MYSQL_PHP/lesson-2/add.php:5
[30-Jan-2018 14:39:42 UTC] PHP   3. mysql_real_escape_string() /home/ubuntu/workspace/PHP-Webdevelopment/JSON_AJAX_MYSQL_PHP/lesson-2/conn.php:7
[30-Jan-2018 14:39:42 UTC] PHP Warning:  mysql_real_escape_string(): Access denied for user ''@'localhost' (using password: NO) in /home/ubuntu/workspace/PHP-Webdevelopment/JSON_AJAX_MYSQL_PHP/lesson-2/conn.php on line 7
[30-Jan-2018 14:39:42 UTC] PHP Stack trace:
[30-Jan-2018 14:39:42 UTC] PHP   1. {main}() /home/ubuntu/workspace/PHP-Webdevelopment/JSON_AJAX_MYSQL_PHP/lesson-2/add.php:0
[30-Jan-2018 14:39:42 UTC] PHP   2. cleanup() /home/ubuntu/workspace/PHP-Webdevelopment/JSON_AJAX_MYSQL_PHP/lesson-2/add.php:6
[30-Jan-2018 14:39:42 UTC] PHP   3. mysql_real_escape_string() /home/ubuntu/workspace/PHP-Webdevelopment/JSON_AJAX_MYSQL_PHP/lesson-2/conn.php:7
[30-Jan-2018 14:39:42 UTC] PHP Warning:  mysql_real_escape_string(): A link to the server could not be established in /home/ubuntu/workspace/PHP-Webdevelopment/JSON_AJAX_MYSQL_PHP/lesson-2/conn.php on line 7
[30-Jan-2018 14:39:42 UTC] PHP Stack trace:
[30-Jan-2018 14:39:42 UTC] PHP   1. {main}() /home/ubuntu/workspace/PHP-Webdevelopment/JSON_AJAX_MYSQL_PHP/lesson-2/add.php:0
[30-Jan-2018 14:39:42 UTC] PHP   2. cleanup() /home/ubuntu/workspace/PHP-Webdevelopment/JSON_AJAX_MYSQL_PHP/lesson-2/add.php:6
[30-Jan-2018 14:39:42 UTC] PHP   3. mysql_real_escape_string() /home/ubuntu/workspace/PHP-Webdevelopment/JSON_AJAX_MYSQL_PHP/lesson-2/conn.php:7
[30-Jan-2018 14:40:51 UTC] PHP Warning:  mysql_real_escape_string(): Access denied for user ''@'localhost' (using password: NO) in /home/ubuntu/workspace/PHP-Webdevelopment/JSON_AJAX_MYSQL_PHP/lesson-2/conn.php on line 7
[30-Jan-2018 14:40:51 UTC] PHP Stack trace:
[30-Jan-2018 14:40:51 UTC] PHP   1. {main}() /home/ubuntu/workspace/PHP-Webdevelopment/JSON_AJAX_MYSQL_PHP/lesson-2/add.php:0
[30-Jan-2018 14:40:51 UTC] PHP   2. cleanup() /home/ubuntu/workspace/PHP-Webdevelopment/JSON_AJAX_MYSQL_PHP/lesson-2/add.php:4
[30-Jan-2018 14:40:51 UTC] PHP   3. mysql_real_escape_string() /home/ubuntu/workspace/PHP-Webdevelopment/JSON_AJAX_MYSQL_PHP/lesson-2/conn.php:7
[30-Jan-2018 14:40:51 UTC] PHP Warning:  mysql_real_escape_string(): A link to the server could not be established in /home/ubuntu/workspace/PHP-Webdevelopment/JSON_AJAX_MYSQL_PHP/lesson-2/conn.php on line 7
[30-Jan-2018 14:40:51 UTC] PHP Stack trace:
[30-Jan-2018 14:40:51 UTC] PHP   1. {main}() /home/ubuntu/workspace/PHP-Webdevelopment/JSON_AJAX_MYSQL_PHP/lesson-2/add.php:0
[30-Jan-2018 14:40:51 UTC] PHP   2. cleanup() /home/ubuntu/workspace/PHP-Webdevelopment/JSON_AJAX_MYSQL_PHP/lesson-2/add.php:4
[30-Jan-2018 14:40:51 UTC] PHP   3. mysql_real_escape_string() /home/ubuntu/workspace/PHP-Webdevelopment/JSON_AJAX_MYSQL_PHP/lesson-2/conn.php:7
[30-Jan-2018 14:40:51 UTC] PHP Warning:  mysql_real_escape_string(): Access denied for user ''@'localhost' (using password: NO) in /home/ubuntu/workspace/PHP-Webdevelopment/JSON_AJAX_MYSQL_PHP/lesson-2/conn.php on line 7
[30-Jan-2018 14:40:51 UTC] PHP Stack trace:
[30-Jan-2018 14:40:51 UTC] PHP   1. {main}() /home/ubuntu/workspace/PHP-Webdevelopment/JSON_AJAX_MYSQL_PHP/lesson-2/add.php:0
[30-Jan-2018 14:40:51 UTC] PHP   2. cleanup() /home/ubuntu/workspace/PHP-Webdevelopment/JSON_AJAX_MYSQL_PHP/lesson-2/add.php:5
[30-Jan-2018 14:40:51 UTC] PHP   3. mysql_real_escape_string() /home/ubuntu/workspace/PHP-Webdevelopment/JSON_AJAX_MYSQL_PHP/lesson-2/conn.php:7
[30-Jan-2018 14:40:51 UTC] PHP Warning:  mysql_real_escape_string(): A link to the server could not be established in /home/ubuntu/workspace/PHP-Webdevelopment/JSON_AJAX_MYSQL_PHP/lesson-2/conn.php on line 7
[30-Jan-2018 14:40:51 UTC] PHP Stack trace:
[30-Jan-2018 14:40:51 UTC] PHP   1. {main}() /home/ubuntu/workspace/PHP-Webdevelopment/JSON_AJAX_MYSQL_PHP/lesson-2/add.php:0
[30-Jan-2018 14:40:51 UTC] PHP   2. cleanup() /home/ubuntu/workspace/PHP-Webdevelopment/JSON_AJAX_MYSQL_PHP/lesson-2/add.php:5
[30-Jan-2018 14:40:51 UTC] PHP   3. mysql_real_escape_string() /home/ubuntu/workspace/PHP-Webdevelopment/JSON_AJAX_MYSQL_PHP/lesson-2/conn.php:7
[30-Jan-2018 14:40:51 UTC] PHP Warning:  mysql_real_escape_string(): Access denied for user ''@'localhost' (using password: NO) in /home/ubuntu/workspace/PHP-Webdevelopment/JSON_AJAX_MYSQL_PHP/lesson-2/conn.php on line 7
[30-Jan-2018 14:40:51 UTC] PHP Stack trace:
[30-Jan-2018 14:40:51 UTC] PHP   1. {main}() /home/ubuntu/workspace/PHP-Webdevelopment/JSON_AJAX_MYSQL_PHP/lesson-2/add.php:0
[30-Jan-2018 14:40:51 UTC] PHP   2. cleanup() /home/ubuntu/workspace/PHP-Webdevelopment/JSON_AJAX_MYSQL_PHP/lesson-2/add.php:6
[30-Jan-2018 14:40:51 UTC] PHP   3. mysql_real_escape_string() /home/ubuntu/workspace/PHP-Webdevelopment/JSON_AJAX_MYSQL_PHP/lesson-2/conn.php:7
[30-Jan-2018 14:40:51 UTC] PHP Warning:  mysql_real_escape_string(): A link to the server could not be established in /home/ubuntu/workspace/PHP-Webdevelopment/JSON_AJAX_MYSQL_PHP/lesson-2/conn.php on line 7
[30-Jan-2018 14:40:51 UTC] PHP Stack trace:
[30-Jan-2018 14:40:51 UTC] PHP   1. {main}() /home/ubuntu/workspace/PHP-Webdevelopment/JSON_AJAX_MYSQL_PHP/lesson-2/add.php:0
[30-Jan-2018 14:40:51 UTC] PHP   2. cleanup() /home/ubuntu/workspace/PHP-Webdevelopment/JSON_AJAX_MYSQL_PHP/lesson-2/add.php:6
[30-Jan-2018 14:40:51 UTC] PHP   3. mysql_real_escape_string() /home/ubuntu/workspace/PHP-Webdevelopment/JSON_AJAX_MYSQL_PHP/lesson-2/conn.php:7
[30-Jan-2018 14:40:58 UTC] PHP Warning:  mysql_real_escape_string(): Access denied for user ''@'localhost' (using password: NO) in /home/ubuntu/workspace/PHP-Webdevelopment/JSON_AJAX_MYSQL_PHP/lesson-2/conn.php on line 7
[30-Jan-2018 14:40:58 UTC] PHP Stack trace:
[30-Jan-2018 14:40:58 UTC] PHP   1. {main}() /home/ubuntu/workspace/PHP-Webdevelopment/JSON_AJAX_MYSQL_PHP/lesson-2/add.php:0
[30-Jan-2018 14:40:58 UTC] PHP   2. cleanup() /home/ubuntu/workspace/PHP-Webdevelopment/JSON_AJAX_MYSQL_PHP/lesson-2/add.php:4
[30-Jan-2018 14:40:58 UTC] PHP   3. mysql_real_escape_string() /home/ubuntu/workspace/PHP-Webdevelopment/JSON_AJAX_MYSQL_PHP/lesson-2/conn.php:7
[30-Jan-2018 14:40:58 UTC] PHP Warning:  mysql_real_escape_string(): A link to the server could not be established in /home/ubuntu/workspace/PHP-Webdevelopment/JSON_AJAX_MYSQL_PHP/lesson-2/conn.php on line 7
[30-Jan-2018 14:40:58 UTC] PHP Stack trace:
[30-Jan-2018 14:40:58 UTC] PHP   1. {main}() /home/ubuntu/workspace/PHP-Webdevelopment/JSON_AJAX_MYSQL_PHP/lesson-2/add.php:0
[30-Jan-2018 14:40:58 UTC] PHP   2. cleanup() /home/ubuntu/workspace/PHP-Webdevelopment/JSON_AJAX_MYSQL_PHP/lesson-2/add.php:4
[30-Jan-2018 14:40:58 UTC] PHP   3. mysql_real_escape_string() /home/ubuntu/workspace/PHP-Webdevelopment/JSON_AJAX_MYSQL_PHP/lesson-2/conn.php:7
[30-Jan-2018 14:40:58 UTC] PHP Warning:  mysql_real_escape_string(): Access denied for user ''@'localhost' (using password: NO) in /home/ubuntu/workspace/PHP-Webdevelopment/JSON_AJAX_MYSQL_PHP/lesson-2/conn.php on line 7
[30-Jan-2018 14:40:58 UTC] PHP Stack trace:
[30-Jan-2018 14:40:58 UTC] PHP   1. {main}() /home/ubuntu/workspace/PHP-Webdevelopment/JSON_AJAX_MYSQL_PHP/lesson-2/add.php:0
[30-Jan-2018 14:40:58 UTC] PHP   2. cleanup() /home/ubuntu/workspace/PHP-Webdevelopment/JSON_AJAX_MYSQL_PHP/lesson-2/add.php:5
[30-Jan-2018 14:40:58 UTC] PHP   3. mysql_real_escape_string() /home/ubuntu/workspace/PHP-Webdevelopment/JSON_AJAX_MYSQL_PHP/lesson-2/conn.php:7
[30-Jan-2018 14:40:58 UTC] PHP Warning:  mysql_real_escape_string(): A link to the server could not be established in /home/ubuntu/workspace/PHP-Webdevelopment/JSON_AJAX_MYSQL_PHP/lesson-2/conn.php on line 7
[30-Jan-2018 14:40:58 UTC] PHP Stack trace:
[30-Jan-2018 14:40:58 UTC] PHP   1. {main}() /home/ubuntu/workspace/PHP-Webdevelopment/JSON_AJAX_MYSQL_PHP/lesson-2/add.php:0
[30-Jan-2018 14:40:58 UTC] PHP   2. cleanup() /home/ubuntu/workspace/PHP-Webdevelopment/JSON_AJAX_MYSQL_PHP/lesson-2/add.php:5
[30-Jan-2018 14:40:58 UTC] PHP   3. mysql_real_escape_string() /home/ubuntu/workspace/PHP-Webdevelopment/JSON_AJAX_MYSQL_PHP/lesson-2/conn.php:7
[30-Jan-2018 14:40:58 UTC] PHP Warning:  mysql_real_escape_string(): Access denied for user ''@'localhost' (using password: NO) in /home/ubuntu/workspace/PHP-Webdevelopment/JSON_AJAX_MYSQL_PHP/lesson-2/conn.php on line 7
[30-Jan-2018 14:40:58 UTC] PHP Stack trace:
[30-Jan-2018 14:40:58 UTC] PHP   1. {main}() /home/ubuntu/workspace/PHP-Webdevelopment/JSON_AJAX_MYSQL_PHP/lesson-2/add.php:0
[30-Jan-2018 14:40:58 UTC] PHP   2. cleanup() /home/ubuntu/workspace/PHP-Webdevelopment/JSON_AJAX_MYSQL_PHP/lesson-2/add.php:6
[30-Jan-2018 14:40:58 UTC] PHP   3. mysql_real_escape_string() /home/ubuntu/workspace/PHP-Webdevelopment/JSON_AJAX_MYSQL_PHP/lesson-2/conn.php:7
[30-Jan-2018 14:40:58 UTC] PHP Warning:  mysql_real_escape_string(): A link to the server could not be established in /home/ubuntu/workspace/PHP-Webdevelopment/JSON_AJAX_MYSQL_PHP/lesson-2/conn.php on line 7
[30-Jan-2018 14:40:58 UTC] PHP Stack trace:
[30-Jan-2018 14:40:58 UTC] PHP   1. {main}() /home/ubuntu/workspace/PHP-Webdevelopment/JSON_AJAX_MYSQL_PHP/lesson-2/add.php:0
[30-Jan-2018 14:40:58 UTC] PHP   2. cleanup() /home/ubuntu/workspace/PHP-Webdevelopment/JSON_AJAX_MYSQL_PHP/lesson-2/add.php:6
[30-Jan-2018 14:40:58 UTC] PHP   3. mysql_real_escape_string() /home/ubuntu/workspace/PHP-Webdevelopment/JSON_AJAX_MYSQL_PHP/lesson-2/conn.php:7
[30-Jan-2018 14:41:48 UTC] PHP Warning:  mysql_real_escape_string(): Access denied for user ''@'localhost' (using password: NO) in /home/ubuntu/workspace/PHP-Webdevelopment/JSON_AJAX_MYSQL_PHP/lesson-2/conn.php on line 7
[30-Jan-2018 14:41:48 UTC] PHP Stack trace:
[30-Jan-2018 14:41:48 UTC] PHP   1. {main}() /home/ubuntu/workspace/PHP-Webdevelopment/JSON_AJAX_MYSQL_PHP/lesson-2/add.php:0
[30-Jan-2018 14:41:48 UTC] PHP   2. cleanup() /home/ubuntu/workspace/PHP-Webdevelopment/JSON_AJAX_MYSQL_PHP/lesson-2/add.php:4
[30-Jan-2018 14:41:48 UTC] PHP   3. mysql_real_escape_string() /home/ubuntu/workspace/PHP-Webdevelopment/JSON_AJAX_MYSQL_PHP/lesson-2/conn.php:7
[30-Jan-2018 14:41:48 UTC] PHP Warning:  mysql_real_escape_string(): A link to the server could not be established in /home/ubuntu/workspace/PHP-Webdevelopment/JSON_AJAX_MYSQL_PHP/lesson-2/conn.php on line 7
[30-Jan-2018 14:41:48 UTC] PHP Stack trace:
[30-Jan-2018 14:41:48 UTC] PHP   1. {main}() /home/ubuntu/workspace/PHP-Webdevelopment/JSON_AJAX_MYSQL_PHP/lesson-2/add.php:0
[30-Jan-2018 14:41:48 UTC] PHP   2. cleanup() /home/ubuntu/workspace/PHP-Webdevelopment/JSON_AJAX_MYSQL_PHP/lesson-2/add.php:4
[30-Jan-2018 14:41:48 UTC] PHP   3. mysql_real_escape_string() /home/ubuntu/workspace/PHP-Webdevelopment/JSON_AJAX_MYSQL_PHP/lesson-2/conn.php:7
[30-Jan-2018 14:41:48 UTC] PHP Warning:  mysql_real_escape_string(): Access denied for user ''@'localhost' (using password: NO) in /home/ubuntu/workspace/PHP-Webdevelopment/JSON_AJAX_MYSQL_PHP/lesson-2/conn.php on line 7
[30-Jan-2018 14:41:48 UTC] PHP Stack trace:
[30-Jan-2018 14:41:48 UTC] PHP   1. {main}() /home/ubuntu/workspace/PHP-Webdevelopment/JSON_AJAX_MYSQL_PHP/lesson-2/add.php:0
[30-Jan-2018 14:41:48 UTC] PHP   2. cleanup() /home/ubuntu/workspace/PHP-Webdevelopment/JSON_AJAX_MYSQL_PHP/lesson-2/add.php:5
[30-Jan-2018 14:41:48 UTC] PHP   3. mysql_real_escape_string() /home/ubuntu/workspace/PHP-Webdevelopment/JSON_AJAX_MYSQL_PHP/lesson-2/conn.php:7
[30-Jan-2018 14:41:48 UTC] PHP Warning:  mysql_real_escape_string(): A link to the server could not be established in /home/ubuntu/workspace/PHP-Webdevelopment/JSON_AJAX_MYSQL_PHP/lesson-2/conn.php on line 7
[30-Jan-2018 14:41:48 UTC] PHP Stack trace:
[30-Jan-2018 14:41:48 UTC] PHP   1. {main}() /home/ubuntu/workspace/PHP-Webdevelopment/JSON_AJAX_MYSQL_PHP/lesson-2/add.php:0
[30-Jan-2018 14:41:48 UTC] PHP   2. cleanup() /home/ubuntu/workspace/PHP-Webdevelopment/JSON_AJAX_MYSQL_PHP/lesson-2/add.php:5
[30-Jan-2018 14:41:48 UTC] PHP   3. mysql_real_escape_string() /home/ubuntu/workspace/PHP-Webdevelopment/JSON_AJAX_MYSQL_PHP/lesson-2/conn.php:7
[30-Jan-2018 14:41:48 UTC] PHP Warning:  mysql_real_escape_string(): Access denied for user ''@'localhost' (using password: NO) in /home/ubuntu/workspace/PHP-Webdevelopment/JSON_AJAX_MYSQL_PHP/lesson-2/conn.php on line 7
[30-Jan-2018 14:41:48 UTC] PHP Stack trace:
[30-Jan-2018 14:41:48 UTC] PHP   1. {main}() /home/ubuntu/workspace/PHP-Webdevelopment/JSON_AJAX_MYSQL_PHP/lesson-2/add.php:0
[30-Jan-2018 14:41:48 UTC] PHP   2. cleanup() /home/ubuntu/workspace/PHP-Webdevelopment/JSON_AJAX_MYSQL_PHP/lesson-2/add.php:6
[30-Jan-2018 14:41:48 UTC] PHP   3. mysql_real_escape_string() /home/ubuntu/workspace/PHP-Webdevelopment/JSON_AJAX_MYSQL_PHP/lesson-2/conn.php:7
[30-Jan-2018 14:41:48 UTC] PHP Warning:  mysql_real_escape_string(): A link to the server could not be established in /home/ubuntu/workspace/PHP-Webdevelopment/JSON_AJAX_MYSQL_PHP/lesson-2/conn.php on line 7
[30-Jan-2018 14:41:48 UTC] PHP Stack trace:
[30-Jan-2018 14:41:48 UTC] PHP   1. {main}() /home/ubuntu/workspace/PHP-Webdevelopment/JSON_AJAX_MYSQL_PHP/lesson-2/add.php:0
[30-Jan-2018 14:41:48 UTC] PHP   2. cleanup() /home/ubuntu/workspace/PHP-Webdevelopment/JSON_AJAX_MYSQL_PHP/lesson-2/add.php:6
[30-Jan-2018 14:41:48 UTC] PHP   3. mysql_real_escape_string() /home/ubuntu/workspace/PHP-Webdevelopment/JSON_AJAX_MYSQL_PHP/lesson-2/conn.php:7
